This file contains any messages produced by compilers while
running configure, to aid debugging if configure makes a mistake.

It was created by configure, which was
generated by GNU Autoconf 2.60a.  Invocation command line was

  $ ./configure 

## --------- ##
## Platform. ##
## --------- ##

hostname = shieldwall
uname -m = i686
uname -r = 2.6.24.7
uname -s = Linux
uname -v = #1 PREEMPT Thu Jun 5 12:42:06 CEST 2008

/usr/bin/uname -p = Celeron (Coppermine)
/bin/uname -X     = unknown

/bin/arch              = unknown
/usr/bin/arch -k       = unknown
/usr/convex/getsysinfo = unknown
/usr/bin/hostinfo      = unknown
/bin/machine           = unknown
/usr/bin/oslevel       = unknown
/bin/universe          = unknown

PATH: /usr/local/sbin
PATH: /usr/local/bin
PATH: /usr/sbin
PATH: /usr/bin
PATH: /sbin
PATH: /bin
PATH: /opt/bin
PATH: /usr/i686-pc-linux-gnu/gcc-bin/4.2.2


## ----------- ##
## Core tests. ##
## ----------- ##

configure:1755: checking for a BSD-compatible install
configure:1811: result: /usr/bin/install -c
configure:1822: checking whether build environment is sane
configure:1865: result: yes
configure:1930: checking for gawk
configure:1946: found /usr/bin/gawk
configure:1957: result: gawk
configure:1968: checking whether make sets $(MAKE)
configure:1989: result: yes
configure:2188: checking build system type
configure:2206: result: i686-pc-linux-gnu
configure:2228: checking host system type
configure:2243: result: i686-pc-linux-gnu
configure:2279: checking for a BSD-compatible install
configure:2335: result: /usr/bin/install -c
configure:2394: checking for gcc
configure:2410: found /usr/bin/gcc
configure:2421: result: gcc
configure:2659: checking for C compiler version
configure:2666: gcc --version >&5
gcc (GCC) 4.2.2 (Gentoo 4.2.2 p1.0)
Copyright (C) 2007 Free Software Foundation, Inc.
This is free software; see the source for copying conditions.  There is NO
warranty; not even for MERCHANTABILITY or FITNESS FOR A PARTICULAR PURPOSE.

configure:2669: $? = 0
configure:2676: gcc -v >&5
Using built-in specs.
Target: i686-pc-linux-gnu
Configured with: /var/tmp/portage/sys-devel/gcc-4.2.2/work/gcc-4.2.2/configure --prefix=/usr --bindir=/usr/i686-pc-linux-gnu/gcc-bin/4.2.2 --includedir=/usr/lib/gcc/i686-pc-linux-gnu/4.2.2/include --datadir=/usr/share/gcc-data/i686-pc-linux-gnu/4.2.2 --mandir=/usr/share/gcc-data/i686-pc-linux-gnu/4.2.2/man --infodir=/usr/share/gcc-data/i686-pc-linux-gnu/4.2.2/info --with-gxx-include-dir=/usr/lib/gcc/i686-pc-linux-gnu/4.2.2/include/g++-v4 --host=i686-pc-linux-gnu --build=i686-pc-linux-gnu --disable-altivec --enable-nls --without-included-gettext --with-system-zlib --disable-checking --disable-werror --enable-secureplt --disable-libunwind-exceptions --disable-multilib --enable-libmudflap --disable-libssp --disable-libgcj --with-arch=i686 --enable-languages=c,c++,treelang,fortran --enable-shared --enable-threads=posix --enable-__cxa_atexit --enable-clocale=gnu
Thread model: posix
gcc version 4.2.2 (Gentoo 4.2.2 p1.0)
configure:2679: $? = 0
configure:2686: gcc -V >&5
gcc: '-V' option must have argument
configure:2689: $? = 1
configure:2712: checking for C compiler default output file name
configure:2739: gcc    conftest.c  >&5
configure:2742: $? = 0
configure:2780: result: a.out
configure:2797: checking whether the C compiler works
configure:2807: ./a.out
configure:2810: $? = 0
configure:2827: result: yes
configure:2834: checking whether we are cross compiling
configure:2836: result: no
configure:2839: checking for suffix of executables
configure:2846: gcc -o conftest    conftest.c  >&5
configure:2849: $? = 0
configure:2873: result: 
configure:2879: checking for suffix of object files
configure:2905: gcc -c   conftest.c >&5
configure:2908: $? = 0
configure:2931: result: o
configure:2935: checking whether we are using the GNU C compiler
configure:2964: gcc -c   conftest.c >&5
configure:2970: $? = 0
configure:2977: test -z "$ac_c_werror_flag" || test ! -s conftest.err
configure:2980: $? = 0
configure:2987: test -s conftest.o
configure:2990: $? = 0
configure:3004: result: yes
configure:3009: checking whether gcc accepts -g
configure:3039: gcc -c -g  conftest.c >&5
configure:3045: $? = 0
configure:3052: test -z "$ac_c_werror_flag" || test ! -s conftest.err
configure:3055: $? = 0
configure:3062: test -s conftest.o
configure:3065: $? = 0
configure:3195: result: yes
configure:3212: checking for gcc option to accept ISO C89
configure:3286: gcc  -c -g -O2  conftest.c >&5
configure:3292: $? = 0
configure:3299: test -z "$ac_c_werror_flag" || test ! -s conftest.err
configure:3302: $? = 0
configure:3309: test -s conftest.o
configure:3312: $? = 0
configure:3332: result: none needed
configure:3361: checking for style of include used by make
configure:3389: result: GNU
configure:3417: checking dependency style of gcc
configure:3507: result: gcc3
configure:3532: checking how to run the C preprocessor
configure:3572: gcc -E  conftest.c
configure:3578: $? = 0
configure:3616: gcc -E  conftest.c
conftest.c:10:28: error: ac_nonexistent.h: No such file or directory
configure:3622: $? = 1
configure: failed program was:
| /* confdefs.h.  */
| #define PACKAGE_NAME ""
| #define PACKAGE_TARNAME ""
| #define PACKAGE_VERSION ""
| #define PACKAGE_STRING ""
| #define PACKAGE_BUGREPORT ""
| #define PACKAGE "lsuio"
| #define VERSION "0.2.0"
| /* end confdefs.h.  */
| #include <ac_nonexistent.h>
configure:3662: result: gcc -E
configure:3691: gcc -E  conftest.c
configure:3697: $? = 0
configure:3735: gcc -E  conftest.c
conftest.c:10:28: error: ac_nonexistent.h: No such file or directory
configure:3741: $? = 1
configure: failed program was:
| /* confdefs.h.  */
| #define PACKAGE_NAME ""
| #define PACKAGE_TARNAME ""
| #define PACKAGE_VERSION ""
| #define PACKAGE_STRING ""
| #define PACKAGE_BUGREPORT ""
| #define PACKAGE "lsuio"
| #define VERSION "0.2.0"
| /* end confdefs.h.  */
| #include <ac_nonexistent.h>
configure:3786: checking for grep that handles long lines and -e
configure:3860: result: /bin/grep
configure:3865: checking for egrep
configure:3943: result: /bin/grep -E
configure:3948: checking for ANSI C header files
configure:3978: gcc -c -g -O2  conftest.c >&5
configure:3984: $? = 0
configure:3991: test -z "$ac_c_werror_flag" || test ! -s conftest.err
configure:3994: $? = 0
configure:4001: test -s conftest.o
configure:4004: $? = 0
configure:4100: gcc -o conftest -g -O2   conftest.c  >&5
configure:4103: $? = 0
configure:4109: ./conftest
configure:4112: $? = 0
configure:4129: result: yes
configure:4153: checking for sys/types.h
configure:4174: gcc -c -g -O2  conftest.c >&5
configure:4180: $? = 0
configure:4187: test -z "$ac_c_werror_flag" || test ! -s conftest.err
configure:4190: $? = 0
configure:4197: test -s conftest.o
configure:4200: $? = 0
configure:4213: result: yes
configure:4153: checking for sys/stat.h
configure:4174: gcc -c -g -O2  conftest.c >&5
configure:4180: $? = 0
configure:4187: test -z "$ac_c_werror_flag" || test ! -s conftest.err
configure:4190: $? = 0
configure:4197: test -s conftest.o
configure:4200: $? = 0
configure:4213: result: yes
configure:4153: checking for stdlib.h
configure:4174: gcc -c -g -O2  conftest.c >&5
configure:4180: $? = 0
configure:4187: test -z "$ac_c_werror_flag" || test ! -s conftest.err
configure:4190: $? = 0
configure:4197: test -s conftest.o
configure:4200: $? = 0
configure:4213: result: yes
configure:4153: checking for string.h
configure:4174: gcc -c -g -O2  conftest.c >&5
configure:4180: $? = 0
configure:4187: test -z "$ac_c_werror_flag" || test ! -s conftest.err
configure:4190: $? = 0
configure:4197: test -s conftest.o
configure:4200: $? = 0
configure:4213: result: yes
configure:4153: checking for memory.h
configure:4174: gcc -c -g -O2  conftest.c >&5
configure:4180: $? = 0
configure:4187: test -z "$ac_c_werror_flag" || test ! -s conftest.err
configure:4190: $? = 0
configure:4197: test -s conftest.o
configure:4200: $? = 0
configure:4213: result: yes
configure:4153: checking for strings.h
configure:4174: gcc -c -g -O2  conftest.c >&5
configure:4180: $? = 0
configure:4187: test -z "$ac_c_werror_flag" || test ! -s conftest.err
configure:4190: $? = 0
configure:4197: test -s conftest.o
configure:4200: $? = 0
configure:4213: result: yes
configure:4153: checking for inttypes.h
configure:4174: gcc -c -g -O2  conftest.c >&5
configure:4180: $? = 0
configure:4187: test -z "$ac_c_werror_flag" || test ! -s conftest.err
configure:4190: $? = 0
configure:4197: test -s conftest.o
configure:4200: $? = 0
configure:4213: result: yes
configure:4153: checking for stdint.h
configure:4174: gcc -c -g -O2  conftest.c >&5
configure:4180: $? = 0
configure:4187: test -z "$ac_c_werror_flag" || test ! -s conftest.err
configure:4190: $? = 0
configure:4197: test -s conftest.o
configure:4200: $? = 0
configure:4213: result: yes
configure:4153: checking for unistd.h
configure:4174: gcc -c -g -O2  conftest.c >&5
configure:4180: $? = 0
configure:4187: test -z "$ac_c_werror_flag" || test ! -s conftest.err
configure:4190: $? = 0
configure:4197: test -s conftest.o
configure:4200: $? = 0
configure:4213: result: yes
configure:4243: checking for unistd.h
configure:4249: result: yes
configure:4253: checking sys/param.h usability
configure:4270: gcc -c -g -O2  conftest.c >&5
configure:4276: $? = 0
configure:4283: test -z "$ac_c_werror_flag" || test ! -s conftest.err
configure:4286: $? = 0
configure:4293: test -s conftest.o
configure:4296: $? = 0
configure:4307: result: yes
configure:4311: checking sys/param.h presence
configure:4326: gcc -E  conftest.c
configure:4332: $? = 0
configure:4353: result: yes
configure:4381: checking for sys/param.h
configure:4389: result: yes
configure:4253: checking sys/time.h usability
configure:4270: gcc -c -g -O2  conftest.c >&5
configure:4276: $? = 0
configure:4283: test -z "$ac_c_werror_flag" || test ! -s conftest.err
configure:4286: $? = 0
configure:4293: test -s conftest.o
configure:4296: $? = 0
configure:4307: result: yes
configure:4311: checking sys/time.h presence
configure:4326: gcc -E  conftest.c
configure:4332: $? = 0
configure:4353: result: yes
configure:4381: checking for sys/time.h
configure:4389: result: yes
configure:4253: checking time.h usability
configure:4270: gcc -c -g -O2  conftest.c >&5
configure:4276: $? = 0
configure:4283: test -z "$ac_c_werror_flag" || test ! -s conftest.err
configure:4286: $? = 0
configure:4293: test -s conftest.o
configure:4296: $? = 0
configure:4307: result: yes
configure:4311: checking time.h presence
configure:4326: gcc -E  conftest.c
configure:4332: $? = 0
configure:4353: result: yes
configure:4381: checking for time.h
configure:4389: result: yes
configure:4253: checking sys/mkdev.h usability
configure:4270: gcc -c -g -O2  conftest.c >&5
conftest.c:57:23: error: sys/mkdev.h: No such file or directory
configure:4276: $? = 1
configure: failed program was:
| /* confdefs.h.  */
| #define PACKAGE_NAME ""
| #define PACKAGE_TARNAME ""
| #define PACKAGE_VERSION ""
| #define PACKAGE_STRING ""
| #define PACKAGE_BUGREPORT ""
| #define PACKAGE "lsuio"
| #define VERSION "0.2.0"
| #define STDC_HEADERS 1
| #define HAVE_SYS_TYPES_H 1
| #define HAVE_SYS_STAT_H 1
| #define HAVE_STDLIB_H 1
| #define HAVE_STRING_H 1
| #define HAVE_MEMORY_H 1
| #define HAVE_STRINGS_H 1
| #define HAVE_INTTYPES_H 1
| #define HAVE_STDINT_H 1
| #define HAVE_UNISTD_H 1
| #define HAVE_UNISTD_H 1
| #define HAVE_SYS_PARAM_H 1
| #define HAVE_SYS_TIME_H 1
| #define HAVE_TIME_H 1
| /* end confdefs.h.  */
| #include <stdio.h>
| #ifdef HAVE_SYS_TYPES_H
| # include <sys/types.h>
| #endif
| #ifdef HAVE_SYS_STAT_H
| # include <sys/stat.h>
| #endif
| #ifdef STDC_HEADERS
| # include <stdlib.h>
| # include <stddef.h>
| #else
| # ifdef HAVE_STDLIB_H
| #  include <stdlib.h>
| # endif
| #endif
| #ifdef HAVE_STRING_H
| # if !defined STDC_HEADERS && defined HAVE_MEMORY_H
| #  include <memory.h>
| # endif
| # include <string.h>
| #endif
| #ifdef HAVE_STRINGS_H
| # include <strings.h>
| #endif
| #ifdef HAVE_INTTYPES_H
| # include <inttypes.h>
| #endif
| #ifdef HAVE_STDINT_H
| # include <stdint.h>
| #endif
| #ifdef HAVE_UNISTD_H
| # include <unistd.h>
| #endif
| #include <sys/mkdev.h>
configure:4307: result: no
configure:4311: checking sys/mkdev.h presence
configure:4326: gcc -E  conftest.c
conftest.c:24:23: error: sys/mkdev.h: No such file or directory
configure:4332: $? = 1
configure: failed program was:
| /* confdefs.h.  */
| #define PACKAGE_NAME ""
| #define PACKAGE_TARNAME ""
| #define PACKAGE_VERSION ""
| #define PACKAGE_STRING ""
| #define PACKAGE_BUGREPORT ""
| #define PACKAGE "lsuio"
| #define VERSION "0.2.0"
| #define STDC_HEADERS 1
| #define HAVE_SYS_TYPES_H 1
| #define HAVE_SYS_STAT_H 1
| #define HAVE_STDLIB_H 1
| #define HAVE_STRING_H 1
| #define HAVE_MEMORY_H 1
| #define HAVE_STRINGS_H 1
| #define HAVE_INTTYPES_H 1
| #define HAVE_STDINT_H 1
| #define HAVE_UNISTD_H 1
| #define HAVE_UNISTD_H 1
| #define HAVE_SYS_PARAM_H 1
| #define HAVE_SYS_TIME_H 1
| #define HAVE_TIME_H 1
| /* end confdefs.h.  */
| #include <sys/mkdev.h>
configure:4353: result: no
configure:4381: checking for sys/mkdev.h
configure:4389: result: no
configure:4253: checking sys/sysmacros.h usability
configure:4270: gcc -c -g -O2  conftest.c >&5
configure:4276: $? = 0
configure:4283: test -z "$ac_c_werror_flag" || test ! -s conftest.err
configure:4286: $? = 0
configure:4293: test -s conftest.o
configure:4296: $? = 0
configure:4307: result: yes
configure:4311: checking sys/sysmacros.h presence
configure:4326: gcc -E  conftest.c
configure:4332: $? = 0
configure:4353: result: yes
configure:4381: checking for sys/sysmacros.h
configure:4389: result: yes
configure:4243: checking for string.h
configure:4249: result: yes
configure:4243: checking for memory.h
configure:4249: result: yes
configure:4253: checking fcntl.h usability
configure:4270: gcc -c -g -O2  conftest.c >&5
configure:4276: $? = 0
configure:4283: test -z "$ac_c_werror_flag" || test ! -s conftest.err
configure:4286: $? = 0
configure:4293: test -s conftest.o
configure:4296: $? = 0
configure:4307: result: yes
configure:4311: checking fcntl.h presence
configure:4326: gcc -E  conftest.c
configure:4332: $? = 0
configure:4353: result: yes
configure:4381: checking for fcntl.h
configure:4389: result: yes
configure:4253: checking dirent.h usability
configure:4270: gcc -c -g -O2  conftest.c >&5
configure:4276: $? = 0
configure:4283: test -z "$ac_c_werror_flag" || test ! -s conftest.err
configure:4286: $? = 0
configure:4293: test -s conftest.o
configure:4296: $? = 0
configure:4307: result: yes
configure:4311: checking dirent.h presence
configure:4326: gcc -E  conftest.c
configure:4332: $? = 0
configure:4353: result: yes
configure:4381: checking for dirent.h
configure:4389: result: yes
configure:4253: checking sys/ndir.h usability
configure:4270: gcc -c -g -O2  conftest.c >&5
conftest.c:62:22: error: sys/ndir.h: No such file or directory
configure:4276: $? = 1
configure: failed program was:
| /* confdefs.h.  */
| #define PACKAGE_NAME ""
| #define PACKAGE_TARNAME ""
| #define PACKAGE_VERSION ""
| #define PACKAGE_STRING ""
| #define PACKAGE_BUGREPORT ""
| #define PACKAGE "lsuio"
| #define VERSION "0.2.0"
| #define STDC_HEADERS 1
| #define HAVE_SYS_TYPES_H 1
| #define HAVE_SYS_STAT_H 1
| #define HAVE_STDLIB_H 1
| #define HAVE_STRING_H 1
| #define HAVE_MEMORY_H 1
| #define HAVE_STRINGS_H 1
| #define HAVE_INTTYPES_H 1
| #define HAVE_STDINT_H 1
| #define HAVE_UNISTD_H 1
| #define HAVE_UNISTD_H 1
| #define HAVE_SYS_PARAM_H 1
| #define HAVE_SYS_TIME_H 1
| #define HAVE_TIME_H 1
| #define HAVE_SYS_SYSMACROS_H 1
| #define HAVE_STRING_H 1
| #define HAVE_MEMORY_H 1
| #define HAVE_FCNTL_H 1
| #define HAVE_DIRENT_H 1
| /* end confdefs.h.  */
| #include <stdio.h>
| #ifdef HAVE_SYS_TYPES_H
| # include <sys/types.h>
| #endif
| #ifdef HAVE_SYS_STAT_H
| # include <sys/stat.h>
| #endif
| #ifdef STDC_HEADERS
| # include <stdlib.h>
| # include <stddef.h>
| #else
| # ifdef HAVE_STDLIB_H
| #  include <stdlib.h>
| # endif
| #endif
| #ifdef HAVE_STRING_H
| # if !defined STDC_HEADERS && defined HAVE_MEMORY_H
| #  include <memory.h>
| # endif
| # include <string.h>
| #endif
| #ifdef HAVE_STRINGS_H
| # include <strings.h>
| #endif
| #ifdef HAVE_INTTYPES_H
| # include <inttypes.h>
| #endif
| #ifdef HAVE_STDINT_H
| # include <stdint.h>
| #endif
| #ifdef HAVE_UNISTD_H
| # include <unistd.h>
| #endif
| #include <sys/ndir.h>
configure:4307: result: no
configure:4311: checking sys/ndir.h presence
configure:4326: gcc -E  conftest.c
conftest.c:29:22: error: sys/ndir.h: No such file or directory
configure:4332: $? = 1
configure: failed program was:
| /* confdefs.h.  */
| #define PACKAGE_NAME ""
| #define PACKAGE_TARNAME ""
| #define PACKAGE_VERSION ""
| #define PACKAGE_STRING ""
| #define PACKAGE_BUGREPORT ""
| #define PACKAGE "lsuio"
| #define VERSION "0.2.0"
| #define STDC_HEADERS 1
| #define HAVE_SYS_TYPES_H 1
| #define HAVE_SYS_STAT_H 1
| #define HAVE_STDLIB_H 1
| #define HAVE_STRING_H 1
| #define HAVE_MEMORY_H 1
| #define HAVE_STRINGS_H 1
| #define HAVE_INTTYPES_H 1
| #define HAVE_STDINT_H 1
| #define HAVE_UNISTD_H 1
| #define HAVE_UNISTD_H 1
| #define HAVE_SYS_PARAM_H 1
| #define HAVE_SYS_TIME_H 1
| #define HAVE_TIME_H 1
| #define HAVE_SYS_SYSMACROS_H 1
| #define HAVE_STRING_H 1
| #define HAVE_MEMORY_H 1
| #define HAVE_FCNTL_H 1
| #define HAVE_DIRENT_H 1
| /* end confdefs.h.  */
| #include <sys/ndir.h>
configure:4353: result: no
configure:4381: checking for sys/ndir.h
configure:4389: result: no
configure:4253: checking ndir.h usability
configure:4270: gcc -c -g -O2  conftest.c >&5
conftest.c:62:18: error: ndir.h: No such file or directory
configure:4276: $? = 1
configure: failed program was:
| /* confdefs.h.  */
| #define PACKAGE_NAME ""
| #define PACKAGE_TARNAME ""
| #define PACKAGE_VERSION ""
| #define PACKAGE_STRING ""
| #define PACKAGE_BUGREPORT ""
| #define PACKAGE "lsuio"
| #define VERSION "0.2.0"
| #define STDC_HEADERS 1
| #define HAVE_SYS_TYPES_H 1
| #define HAVE_SYS_STAT_H 1
| #define HAVE_STDLIB_H 1
| #define HAVE_STRING_H 1
| #define HAVE_MEMORY_H 1
| #define HAVE_STRINGS_H 1
| #define HAVE_INTTYPES_H 1
| #define HAVE_STDINT_H 1
| #define HAVE_UNISTD_H 1
| #define HAVE_UNISTD_H 1
| #define HAVE_SYS_PARAM_H 1
| #define HAVE_SYS_TIME_H 1
| #define HAVE_TIME_H 1
| #define HAVE_SYS_SYSMACROS_H 1
| #define HAVE_STRING_H 1
| #define HAVE_MEMORY_H 1
| #define HAVE_FCNTL_H 1
| #define HAVE_DIRENT_H 1
| /* end confdefs.h.  */
| #include <stdio.h>
| #ifdef HAVE_SYS_TYPES_H
| # include <sys/types.h>
| #endif
| #ifdef HAVE_SYS_STAT_H
| # include <sys/stat.h>
| #endif
| #ifdef STDC_HEADERS
| # include <stdlib.h>
| # include <stddef.h>
| #else
| # ifdef HAVE_STDLIB_H
| #  include <stdlib.h>
| # endif
| #endif
| #ifdef HAVE_STRING_H
| # if !defined STDC_HEADERS && defined HAVE_MEMORY_H
| #  include <memory.h>
| # endif
| # include <string.h>
| #endif
| #ifdef HAVE_STRINGS_H
| # include <strings.h>
| #endif
| #ifdef HAVE_INTTYPES_H
| # include <inttypes.h>
| #endif
| #ifdef HAVE_STDINT_H
| # include <stdint.h>
| #endif
| #ifdef HAVE_UNISTD_H
| # include <unistd.h>
| #endif
| #include <ndir.h>
configure:4307: result: no
configure:4311: checking ndir.h presence
configure:4326: gcc -E  conftest.c
conftest.c:29:18: error: ndir.h: No such file or directory
configure:4332: $? = 1
configure: failed program was:
| /* confdefs.h.  */
| #define PACKAGE_NAME ""
| #define PACKAGE_TARNAME ""
| #define PACKAGE_VERSION ""
| #define PACKAGE_STRING ""
| #define PACKAGE_BUGREPORT ""
| #define PACKAGE "lsuio"
| #define VERSION "0.2.0"
| #define STDC_HEADERS 1
| #define HAVE_SYS_TYPES_H 1
| #define HAVE_SYS_STAT_H 1
| #define HAVE_STDLIB_H 1
| #define HAVE_STRING_H 1
| #define HAVE_MEMORY_H 1
| #define HAVE_STRINGS_H 1
| #define HAVE_INTTYPES_H 1
| #define HAVE_STDINT_H 1
| #define HAVE_UNISTD_H 1
| #define HAVE_UNISTD_H 1
| #define HAVE_SYS_PARAM_H 1
| #define HAVE_SYS_TIME_H 1
| #define HAVE_TIME_H 1
| #define HAVE_SYS_SYSMACROS_H 1
| #define HAVE_STRING_H 1
| #define HAVE_MEMORY_H 1
| #define HAVE_FCNTL_H 1
| #define HAVE_DIRENT_H 1
| /* end confdefs.h.  */
| #include <ndir.h>
configure:4353: result: no
configure:4381: checking for ndir.h
configure:4389: result: no
configure:4253: checking alloca.h usability
configure:4270: gcc -c -g -O2  conftest.c >&5
configure:4276: $? = 0
configure:4283: test -z "$ac_c_werror_flag" || test ! -s conftest.err
configure:4286: $? = 0
configure:4293: test -s conftest.o
configure:4296: $? = 0
configure:4307: result: yes
configure:4311: checking alloca.h presence
configure:4326: gcc -E  conftest.c
configure:4332: $? = 0
configure:4353: result: yes
configure:4381: checking for alloca.h
configure:4389: result: yes
configure:4253: checking locale.h usability
configure:4270: gcc -c -g -O2  conftest.c >&5
configure:4276: $? = 0
configure:4283: test -z "$ac_c_werror_flag" || test ! -s conftest.err
configure:4286: $? = 0
configure:4293: test -s conftest.o
configure:4296: $? = 0
configure:4307: result: yes
configure:4311: checking locale.h presence
configure:4326: gcc -E  conftest.c
configure:4332: $? = 0
configure:4353: result: yes
configure:4381: checking for locale.h
configure:4389: result: yes
configure:4404: checking whether time.h and sys/time.h may both be included
configure:4434: gcc -c -g -O2  conftest.c >&5
configure:4440: $? = 0
configure:4447: test -z "$ac_c_werror_flag" || test ! -s conftest.err
configure:4450: $? = 0
configure:4457: test -s conftest.o
configure:4460: $? = 0
configure:4472: result: yes
configure:4498: checking utime.h usability
configure:4515: gcc -c -g -O2  conftest.c >&5
configure:4521: $? = 0
configure:4528: test -z "$ac_c_werror_flag" || test ! -s conftest.err
configure:4531: $? = 0
configure:4538: test -s conftest.o
configure:4541: $? = 0
configure:4552: result: yes
configure:4556: checking utime.h presence
configure:4571: gcc -E  conftest.c
configure:4577: $? = 0
configure:4598: result: yes
configure:4626: checking for utime.h
configure:4634: result: yes
configure:4648: checking for struct utimbuf
configure:4688: gcc -c -g -O2  conftest.c >&5
configure:4694: $? = 0
configure:4701: test -z "$ac_c_werror_flag" || test ! -s conftest.err
configure:4704: $? = 0
configure:4711: test -s conftest.o
configure:4714: $? = 0
configure:4727: result: yes
configure:4738: checking whether sys/types.h defines makedev
configure:4764: gcc -o conftest -g -O2   conftest.c  >&5
configure:4770: $? = 0
configure:4777: test -z "$ac_c_werror_flag" || test ! -s conftest.err
configure:4780: $? = 0
configure:4787: test -s conftest
configure:4790: $? = 0
configure:4804: result: yes
configure:5131: checking for working alloca.h
configure:5158: gcc -o conftest -g -O2   conftest.c  >&5
configure:5164: $? = 0
configure:5171: test -z "$ac_c_werror_flag" || test ! -s conftest.err
configure:5174: $? = 0
configure:5181: test -s conftest
configure:5184: $? = 0
configure:5197: result: yes
configure:5207: checking for alloca
configure:5254: gcc -o conftest -g -O2   conftest.c  >&5
configure:5260: $? = 0
configure:5267: test -z "$ac_c_werror_flag" || test ! -s conftest.err
configure:5270: $? = 0
configure:5277: test -s conftest
configure:5280: $? = 0
configure:5293: result: yes
configure:5536: checking whether struct tm is in sys/time.h or time.h
configure:5564: gcc -c -g -O2  conftest.c >&5
configure:5570: $? = 0
configure:5577: test -z "$ac_c_werror_flag" || test ! -s conftest.err
configure:5580: $? = 0
configure:5587: test -s conftest.o
configure:5590: $? = 0
configure:5602: result: time.h
configure:5612: checking for struct stat.st_blocks
configure:5640: gcc -c -g -O2  conftest.c >&5
configure:5646: $? = 0
configure:5653: test -z "$ac_c_werror_flag" || test ! -s conftest.err
configure:5656: $? = 0
configure:5663: test -s conftest.o
configure:5666: $? = 0
configure:5737: result: yes
configure:5768: checking for dirent.h that defines DIR
configure:5797: gcc -c -g -O2  conftest.c >&5
configure:5803: $? = 0
configure:5810: test -z "$ac_c_werror_flag" || test ! -s conftest.err
configure:5813: $? = 0
configure:5820: test -s conftest.o
configure:5823: $? = 0
configure:5836: result: yes
configure:5849: checking for library containing opendir
configure:5890: gcc -o conftest -g -O2   conftest.c  >&5
configure:5896: $? = 0
configure:5903: test -z "$ac_c_werror_flag" || test ! -s conftest.err
configure:5906: $? = 0
configure:5913: test -s conftest
configure:5916: $? = 0
configure:5940: result: none required
configure:6050: checking whether closedir returns void
configure:6084: gcc -o conftest -g -O2   conftest.c  >&5
configure:6087: $? = 0
configure:6093: ./conftest
configure:6096: $? = 0
configure:6112: result: no
configure:6126: checking for mkfifo
configure:6182: gcc -o conftest -g -O2   conftest.c  >&5
configure:6188: $? = 0
configure:6195: test -z "$ac_c_werror_flag" || test ! -s conftest.err
configure:6198: $? = 0
configure:6205: test -s conftest
configure:6208: $? = 0
configure:6222: result: yes
configure:6232: checking for mknod
configure:6288: gcc -o conftest -g -O2   conftest.c  >&5
configure:6294: $? = 0
configure:6301: test -z "$ac_c_werror_flag" || test ! -s conftest.err
configure:6304: $? = 0
configure:6311: test -s conftest
configure:6314: $? = 0
configure:6327: result: yes
configure:6449: creating ./config.status

## ---------------------- ##
## Running config.status. ##
## ---------------------- ##

This file was extended by config.status, which was
generated by GNU Autoconf 2.60a.  Invocation command line was

  CONFIG_FILES    = 
  CONFIG_HEADERS  = 
  CONFIG_LINKS    = 
  CONFIG_COMMANDS = 
  $ ./config.status 

on shieldwall

config.status:632: creating Makefile
config.status:632: creating lsuio.lsm
config.status:632: creating lsuio.spec
config.status:632: creating config.h
config.status:917: executing depfiles commands

## ---------------- ##
## Cache variables. ##
## ---------------- ##

ac_cv_build=i686-pc-linux-gnu
ac_cv_c_compiler_gnu=yes
ac_cv_env_CC_set=
ac_cv_env_CC_value=
ac_cv_env_CFLAGS_set=
ac_cv_env_CFLAGS_value=
ac_cv_env_CPPFLAGS_set=
ac_cv_env_CPPFLAGS_value=
ac_cv_env_CPP_set=
ac_cv_env_CPP_value=
ac_cv_env_LDFLAGS_set=
ac_cv_env_LDFLAGS_value=
ac_cv_env_build_alias_set=
ac_cv_env_build_alias_value=
ac_cv_env_host_alias_set=
ac_cv_env_host_alias_value=
ac_cv_env_target_alias_set=
ac_cv_env_target_alias_value=
ac_cv_func_alloca_works=yes
ac_cv_func_closedir_void=no
ac_cv_func_mkfifo=yes
ac_cv_func_mknod=yes
ac_cv_header_alloca_h=yes
ac_cv_header_dirent_dirent_h=yes
ac_cv_header_dirent_h=yes
ac_cv_header_fcntl_h=yes
ac_cv_header_inttypes_h=yes
ac_cv_header_locale_h=yes
ac_cv_header_memory_h=yes
ac_cv_header_ndir_h=no
ac_cv_header_stdc=yes
ac_cv_header_stdint_h=yes
ac_cv_header_stdlib_h=yes
ac_cv_header_string_h=yes
ac_cv_header_strings_h=yes
ac_cv_header_sys_mkdev_h=no
ac_cv_header_sys_ndir_h=no
ac_cv_header_sys_param_h=yes
ac_cv_header_sys_stat_h=yes
ac_cv_header_sys_sysmacros_h=yes
ac_cv_header_sys_time_h=yes
ac_cv_header_sys_types_h=yes
ac_cv_header_sys_types_h_makedev=yes
ac_cv_header_time=yes
ac_cv_header_time_h=yes
ac_cv_header_unistd_h=yes
ac_cv_header_utime_h=yes
ac_cv_host=i686-pc-linux-gnu
ac_cv_member_struct_stat_st_blocks=yes
ac_cv_objext=o
ac_cv_path_EGREP='/bin/grep -E'
ac_cv_path_GREP=/bin/grep
ac_cv_path_install='/usr/bin/install -c'
ac_cv_prog_AWK=gawk
ac_cv_prog_CPP='gcc -E'
ac_cv_prog_ac_ct_CC=gcc
ac_cv_prog_cc_c89=
ac_cv_prog_cc_g=yes
ac_cv_prog_make_make_set=yes
ac_cv_search_opendir='none required'
ac_cv_struct_tm=time.h
ac_cv_working_alloca_h=yes
am_cv_CC_dependencies_compiler_type=gcc3
fu_cv_sys_struct_utimbuf=yes

## ----------------- ##
## Output variables. ##
## ----------------- ##

ACLOCAL='${SHELL} /root/pcbird-driver/lsuio-0.2.0/missing --run aclocal-1.9'
ALLOCA=''
AMDEPBACKSLASH='\'
AMDEP_FALSE='#'
AMDEP_TRUE=''
AMTAR='${SHELL} /root/pcbird-driver/lsuio-0.2.0/missing --run tar'
AUTOCONF='${SHELL} /root/pcbird-driver/lsuio-0.2.0/missing --run autoconf'
AUTOHEADER='${SHELL} /root/pcbird-driver/lsuio-0.2.0/missing --run autoheader'
AUTOMAKE='${SHELL} /root/pcbird-driver/lsuio-0.2.0/missing --run automake-1.9'
AWK='gawk'
CC='gcc'
CCDEPMODE='depmode=gcc3'
CFLAGS='-g -O2'
CPP='gcc -E'
CPPFLAGS=''
CYGPATH_W='echo'
DEFS='-DHAVE_CONFIG_H'
DEPDIR='.deps'
ECHO_C=''
ECHO_N='-n'
ECHO_T=''
EGREP='/bin/grep -E'
EXEEXT=''
GREP='/bin/grep'
INSTALL_DATA='${INSTALL} -m 644'
INSTALL_PROGRAM='${INSTALL}'
INSTALL_SCRIPT='${INSTALL}'
INSTALL_STRIP_PROGRAM='${SHELL} $(install_sh) -c -s'
ISODATE='2008-06-05'
LDFLAGS=''
LIBOBJS=''
LIBS=''
LTLIBOBJS=''
MAKEINFO='${SHELL} /root/pcbird-driver/lsuio-0.2.0/missing --run makeinfo'
OBJEXT='o'
PACKAGE='lsuio'
PACKAGE_BUGREPORT=''
PACKAGE_NAME=''
PACKAGE_STRING=''
PACKAGE_TARNAME=''
PACKAGE_VERSION=''
PATH_SEPARATOR=':'
SET_MAKE=''
SHELL='/bin/sh'
STRIP=''
VERSION='0.2.0'
ac_ct_CC='gcc'
am__fastdepCC_FALSE='#'
am__fastdepCC_TRUE=''
am__include='include'
am__leading_dot='.'
am__quote=''
am__tar='${AMTAR} chof - "$$tardir"'
am__untar='${AMTAR} xf -'
bindir='${exec_prefix}/bin'
build='i686-pc-linux-gnu'
build_alias=''
build_cpu='i686'
build_os='linux-gnu'
build_vendor='pc'
datadir='${datarootdir}'
datarootdir='${prefix}/share'
docdir='${datarootdir}/doc/${PACKAGE}'
dvidir='${docdir}'
exec_prefix='${prefix}'
host='i686-pc-linux-gnu'
host_alias=''
host_cpu='i686'
host_os='linux-gnu'
host_vendor='pc'
htmldir='${docdir}'
includedir='${prefix}/include'
infodir='${datarootdir}/info'
install_sh='/root/pcbird-driver/lsuio-0.2.0/install-sh'
libdir='${exec_prefix}/lib'
libexecdir='${exec_prefix}/libexec'
localedir='${datarootdir}/locale'
localstatedir='${prefix}/var'
mandir='${datarootdir}/man'
mkdir_p='mkdir -p --'
oldincludedir='/usr/include'
pdfdir='${docdir}'
prefix='/usr/local'
program_transform_name='s,x,x,'
psdir='${docdir}'
sbindir='${exec_prefix}/sbin'
sharedstatedir='${prefix}/com'
sysconfdir='${prefix}/etc'
target_alias=''

## ----------- ##
## confdefs.h. ##
## ----------- ##

#define PACKAGE_NAME ""
#define PACKAGE_TARNAME ""
#define PACKAGE_VERSION ""
#define PACKAGE_STRING ""
#define PACKAGE_BUGREPORT ""
#define PACKAGE "lsuio"
#define VERSION "0.2.0"
#define STDC_HEADERS 1
#define HAVE_SYS_TYPES_H 1
#define HAVE_SYS_STAT_H 1
#define HAVE_STDLIB_H 1
#define HAVE_STRING_H 1
#define HAVE_MEMORY_H 1
#define HAVE_STRINGS_H 1
#define HAVE_INTTYPES_H 1
#define HAVE_STDINT_H 1
#define HAVE_UNISTD_H 1
#define HAVE_UNISTD_H 1
#define HAVE_SYS_PARAM_H 1
#define HAVE_SYS_TIME_H 1
#define HAVE_TIME_H 1
#define HAVE_SYS_SYSMACROS_H 1
#define HAVE_STRING_H 1
#define HAVE_MEMORY_H 1
#define HAVE_FCNTL_H 1
#define HAVE_DIRENT_H 1
#define HAVE_ALLOCA_H 1
#define HAVE_LOCALE_H 1
#define TIME_WITH_SYS_TIME 1
#define HAVE_UTIME_H 1
#define HAVE_STRUCT_UTIMBUF 1
#define HAVE_ALLOCA_H 1
#define HAVE_ALLOCA 1
#define HAVE_STRUCT_STAT_ST_BLOCKS 1
#define HAVE_ST_BLOCKS 1
#define HAVE_DIRENT_H 1
#define HAVE_MKFIFO 1

configure: exit 0
